#
# There is insufficient memory for the Java Runtime Environment to continue.
# Native memory allocation (malloc) failed to allocate 87556096 bytes for committing reserved memory.
# Possible reasons:
#   The system is out of physical RAM or swap space
#   In 32 bit mode, the process size limit was hit
# Possible solutions:
#   Reduce memory load on the system
#   Increase physical memory or swap space
#   Check if swap backing store is full
#   Use 64 bit Java on a 64 bit OS
#   Decrease Java heap size (-Xmx/-Xms)
#   Decrease number of Java threads
#   Decrease Java thread stack sizes (-Xss)
#   Set larger code cache with -XX:ReservedCodeCacheSize=
# This output file may be truncated or incomplete.
#
#  Out of Memory Error (os_linux.cpp:2718), pid=2508, tid=1804598080
#
# JRE version: Java(TM) SE Runtime Environment (7.0_45-b18) (build 1.7.0_45-b18)
# Java VM: Java HotSpot(TM) Server VM (24.45-b08 mixed mode linux-x86 )
# Failed to write core dump. Core dumps have been disabled. To enable core dumping, try "ulimit -c unlimited" before starting Java again
#

---------------  T H R E A D  ---------------

Current thread (0x6b770c00):  VMThread [stack: 0x6b87f000,0x6b900000] [id=2595]

Stack: [0x6b87f000,0x6b900000],  sp=0x6b8fe8e0,  free space=510k
Native frames: (J=compiled Java code, j=interpreted, Vv=VM code, C=native code)
V  [libjvm.so+0x7dc836]  VMError::report_and_die()+0x1a6
V  [libjvm.so+0x33a5c2]  report_vm_out_of_memory(char const*, int, unsigned int, char const*)+0x72
V  [libjvm.so+0x67bc21]  os::Linux::commit_memory_impl(char*, unsigned int, bool)+0xe1
V  [libjvm.so+0x67c077]  os::Linux::commit_memory_impl(char*, unsigned int, unsigned int, bool)+0x47
V  [libjvm.so+0x67c23d]  os::pd_commit_memory(char*, unsigned int, unsigned int, bool)+0x1d
V  [libjvm.so+0x675c8c]  os::commit_memory(char*, unsigned int, unsigned int, bool)+0x2c
V  [libjvm.so+0x6df178]  PSVirtualSpace::expand_by(unsigned int)+0x48
V  [libjvm.so+0x6e027a]  PSYoungGen::resize_generation(unsigned int, unsigned int)+0xda
V  [libjvm.so+0x6df5b9]  PSYoungGen::resize(unsigned int, unsigned int)+0x19
V  [libjvm.so+0x6dd31b]  PSScavenge::invoke_no_policy()+0x105b
V  [libjvm.so+0x6dd748]  PSScavenge::invoke()+0x28
V  [libjvm.so+0x69b9aa]  ParallelScavengeHeap::failed_mem_allocate(unsigned int)+0x5a
V  [libjvm.so+0x7de0da]  VM_ParallelGCFailedAllocation::doit()+0x7a
V  [libjvm.so+0x7e6e97]  VM_Operation::evaluate()+0x47
V  [libjvm.so+0x7e4f93]  VMThread::evaluate_operation(VM_Operation*)+0xb3
V  [libjvm.so+0x7e5330]  VMThread::loop()+0x1b0
V  [libjvm.so+0x7e5795]  VMThread::run()+0x85
V  [libjvm.so+0x67e0f9]  java_start(Thread*)+0x119
C  [libpthread.so.0+0x6d4c]  start_thread+0xcc

VM_Operation (0x6ac7daa4): ParallelGCFailedAllocation, mode: safepoint, requested by thread 0x6a934400


---------------  P R O C E S S  ---------------

Java Threads: ( => current thread )
  0x6a934400 JavaThread "pool-1-thread-4" [_thread_blocked, id=2711, stack(0x6ac2e000,0x6ac7f000)]
  0x6a933400 JavaThread "pool-1-thread-3" [_thread_blocked, id=2710, stack(0x6ae2e000,0x6ae7f000)]
  0x6a932000 JavaThread "pool-1-thread-2" [_thread_blocked, id=2709, stack(0x6b12e000,0x6b17f000)]
  0x6a926800 JavaThread "pool-2-thread-1" [_thread_blocked, id=2705, stack(0x6b82e000,0x6b87f000)]
  0x6a924800 JavaThread "pool-1-thread-1" [_thread_blocked, id=2698, stack(0x6e32e000,0x6e37f000)]
  0x6b789c00 JavaThread "Service Thread" daemon [_thread_blocked, id=2665, stack(0x6e52e000,0x6e57f000)]
  0x6b788000 JavaThread "C2 CompilerThread1" daemon [_thread_blocked, id=2651, stack(0x6ae7f000,0x6af00000)]
  0x6b786000 JavaThread "C2 CompilerThread0" daemon [_thread_blocked, id=2646, stack(0x6b17f000,0x6b200000)]
  0x6b784800 JavaThread "Signal Dispatcher" daemon [_thread_blocked, id=2632, stack(0x6e72e000,0x6e77f000)]
  0x6b774c00 JavaThread "Finalizer" daemon [_thread_blocked, id=2603, stack(0x6e92e000,0x6e97f000)]
  0x6b772400 JavaThread "Reference Handler" daemon [_thread_blocked, id=2601, stack(0x6eb2e000,0x6eb7f000)]
  0xb6607800 JavaThread "main" [_thread_blocked, id=2524, stack(0xb6767000,0xb67b8000)]

Other Threads:
=>0x6b770c00 VMThread [stack: 0x6b87f000,0x6b900000] [id=2595]
  0x6b793c00 WatcherThread [stack: 0x6ac7f000,0x6ad00000] [id=2675]

VM state:at safepoint (normal execution)

VM Mutex/Monitor currently owned by a thread:  ([mutex/lock_event])
[0xb6605040] Threads_lock - owner thread: 0x6b770c00
[0xb6605450] Heap_lock - owner thread: 0x6a934400

Heap
 PSYoungGen      total 66048K, used 2551K [0x9df80000, 0xa2280000, 0xb3500000)
  eden space 63488K, 0% used [0x9df80000,0x9df80000,0xa1d80000)
  from space 2560K, 99% used [0xa1d80000,0xa1ffde48,0xa2000000)
  to   space 2560K, 0% used [0xa2000000,0xa2000000,0xa2280000)
 ParOldGen       total 41984K, used 22415K [0x73500000, 0x75e00000, 0x9df80000)
  object space 41984K, 53% used [0x73500000,0x74ae3dd8,0x75e00000)
 PSPermGen       total 16384K, used 3908K [0x6f500000, 0x70500000, 0x73500000)
  object space 16384K, 23% used [0x6f500000,0x6f8d1258,0x70500000)

Card table byte_map: [0x6f2df000,0x6f500000] byte_map_base: 0x6ef64800

Polling page: 0xb76d0000

Code Cache  [0xb35cf000, 0xb380f000, 0xb65cf000)
 total_blobs=528 nmethods=405 adapters=76 free_code_cache=47643Kb largest_free_block=48758208

Compilation events (10 events):
Event: 16.974 Thread 0x6b788000 nmethod 399 0xb37494c8 code [0xb37496c0, 0xb3749f84]
Event: 16.974 Thread 0x6b788000  407             com.android.dx.ssa.RegisterMapper::<init> (5 bytes)
Event: 16.975 Thread 0x6b788000 nmethod 407 0xb3745848 code [0xb3745920, 0xb3745970]
Event: 16.975 Thread 0x6b788000  408             com.android.dx.ssa.DeadCodeRemover::run (194 bytes)
Event: 16.976 Thread 0x6b786000 nmethod 406 0xb3744e08 code [0xb3744f60, 0xb3745318]
Event: 16.976 Thread 0x6b786000  409             com.android.dx.cf.code.BaseMachine::popArgs (62 bytes)
Event: 17.005 Thread 0x6b786000 nmethod 409 0xb3746ec8 code [0xb3747020, 0xb374749c]
Event: 17.005 Thread 0x6b786000  410             com.android.dx.ssa.back.LivenessAnalyzer::coInterferePhis (128 bytes)
Event: 17.104 Thread 0x6b786000 nmethod 410 0xb374d088 code [0xb374d240, 0xb374db3c]
Event: 17.104 Thread 0x6b786000  411             com.android.dx.ssa.back.FirstFitLocalCombiningAllocator::handleNormalUnassociated (99 bytes)

GC Heap History (9 events):
Event: 1.987 GC heap before
{Heap before GC invocations=1 (full 0):
 PSYoungGen      total 18432K, used 15872K [0x9df80000, 0x9f400000, 0xb3500000)
  eden space 15872K, 100% used [0x9df80000,0x9ef00000,0x9ef00000)
  from space 2560K, 0% used [0x9f180000,0x9f180000,0x9f400000)
  to   space 2560K, 0% used [0x9ef00000,0x9ef00000,0x9f180000)
 ParOldGen       total 41984K, used 0K [0x73500000, 0x75e00000, 0x9df80000)
  object space 41984K, 0% used [0x73500000,0x73500000,0x75e00000)
 PSPermGen       total 16384K, used 3657K [0x6f500000, 0x70500000, 0x73500000)
  object space 16384K, 22% used [0x6f500000,0x6f892508,0x70500000)
Event: 2.014 GC heap after
Heap after GC invocations=1 (full 0):
 PSYoungGen      total 18432K, used 2544K [0x9df80000, 0xa0380000, 0xb3500000)
  eden space 15872K, 0% used [0x9df80000,0x9df80000,0x9ef00000)
  from space 2560K, 99% used [0x9ef00000,0x9f17c050,0x9f180000)
  to   space 2560K, 0% used [0xa0100000,0xa0100000,0xa0380000)
 ParOldGen       total 41984K, used 583K [0x73500000, 0x75e00000, 0x9df80000)
  object space 41984K, 1% used [0x73500000,0x73591d00,0x75e00000)
 PSPermGen       total 16384K, used 3657K [0x6f500000, 0x70500000, 0x73500000)
  object space 16384K, 22% used [0x6f500000,0x6f892508,0x70500000)
}
Event: 3.703 GC heap before
{Heap before GC invocations=2 (full 0):
 PSYoungGen      total 18432K, used 18416K [0x9df80000, 0xa0380000, 0xb3500000)
  eden space 15872K, 100% used [0x9df80000,0x9ef00000,0x9ef00000)
  from space 2560K, 99% used [0x9ef00000,0x9f17c050,0x9f180000)
  to   space 2560K, 0% used [0xa0100000,0xa0100000,0xa0380000)
 ParOldGen       total 41984K, used 583K [0x73500000, 0x75e00000, 0x9df80000)
  object space 41984K, 1% used [0x73500000,0x73591d00,0x75e00000)
 PSPermGen       total 16384K, used 3810K [0x6f500000, 0x70500000, 0x73500000)
  object space 16384K, 23% used [0x6f500000,0x6f8b8b28,0x70500000)
Event: 3.759 GC heap after
Heap after GC invocations=2 (full 0):
 PSYoungGen      total 34304K, used 2551K [0x9df80000, 0xa0380000, 0xb3500000)
  eden space 31744K, 0% used [0x9df80000,0x9df80000,0x9fe80000)
  from space 2560K, 99% used [0xa0100000,0xa037dfc0,0xa0380000)
  to   space 2560K, 0% used [0x9fe80000,0x9fe80000,0xa0100000)
 ParOldGen       total 41984K, used 2317K [0x73500000, 0x75e00000, 0x9df80000)
  object space 41984K, 5% used [0x73500000,0x73743618,0x75e00000)
 PSPermGen       total 16384K, used 3810K [0x6f500000, 0x70500000, 0x73500000)
  object space 16384K, 23% used [0x6f500000,0x6f8b8b28,0x70500000)
}
Event: 6.712 GC heap before
{Heap before GC invocations=3 (full 0):
 PSYoungGen      total 34304K, used 34295K [0x9df80000, 0xa0380000, 0xb3500000)
  eden space 31744K, 100% used [0x9df80000,0x9fe80000,0x9fe80000)
  from space 2560K, 99% used [0xa0100000,0xa037dfc0,0xa0380000)
  to   space 2560K, 0% used [0x9fe80000,0x9fe80000,0xa0100000)
 ParOldGen       total 41984K, used 2317K [0x73500000, 0x75e00000, 0x9df80000)
  object space 41984K, 5% used [0x73500000,0x73743618,0x75e00000)
 PSPermGen       total 16384K, used 3863K [0x6f500000, 0x70500000, 0x73500000)
  object space 16384K, 23% used [0x6f500000,0x6f8c5d70,0x70500000)
Event: 6.777 GC heap after
Heap after GC invocations=3 (full 0):
 PSYoungGen      total 34304K, used 2559K [0x9df80000, 0xa2280000, 0xb3500000)
  eden space 31744K, 0% used [0x9df80000,0x9df80000,0x9fe80000)
  from space 2560K, 99% used [0x9fe80000,0xa00ffe50,0xa0100000)
  to   space 2560K, 0% used [0xa2000000,0xa2000000,0xa2280000)
 ParOldGen       total 41984K, used 7544K [0x73500000, 0x75e00000, 0x9df80000)
  object space 41984K, 17% used [0x73500000,0x73c5e360,0x75e00000)
 PSPermGen       total 16384K, used 3863K [0x6f500000, 0x70500000, 0x73500000)
  object space 16384K, 23% used [0x6f500000,0x6f8c5d70,0x70500000)
}
Event: 9.942 GC heap before
{Heap before GC invocations=4 (full 0):
 PSYoungGen      total 34304K, used 34303K [0x9df80000, 0xa2280000, 0xb3500000)
  eden space 31744K, 100% used [0x9df80000,0x9fe80000,0x9fe80000)
  from space 2560K, 99% used [0x9fe80000,0xa00ffe50,0xa0100000)
  to   space 2560K, 0% used [0xa2000000,0xa2000000,0xa2280000)
 ParOldGen       total 41984K, used 7544K [0x73500000, 0x75e00000, 0x9df80000)
  object space 41984K, 17% used [0x73500000,0x73c5e360,0x75e00000)
 PSPermGen       total 16384K, used 3886K [0x6f500000, 0x70500000, 0x73500000)
  object space 16384K, 23% used [0x6f500000,0x6f8cb9d0,0x70500000)
Event: 9.991 GC heap after
Heap after GC invocations=4 (full 0):
 PSYoungGen      total 66048K, used 2545K [0x9df80000, 0xa2280000, 0xb3500000)
  eden space 63488K, 0% used [0x9df80000,0x9df80000,0xa1d80000)
  from space 2560K, 99% used [0xa2000000,0xa227c700,0xa2280000)
  to   space 2560K, 0% used [0xa1d80000,0xa1d80000,0xa2000000)
 ParOldGen       total 41984K, used 12799K [0x73500000, 0x75e00000, 0x9df80000)
  object space 41984K, 30% used [0x73500000,0x7417fce0,0x75e00000)
 PSPermGen       total 16384K, used 3886K [0x6f500000, 0x70500000, 0x73500000)
  object space 16384K, 23% used [0x6f500000,0x6f8cb9d0,0x70500000)
}
Event: 17.167 GC heap before
{Heap before GC invocations=5 (full 0):
 PSYoungGen      total 66048K, used 66033K [0x9df80000, 0xa2280000, 0xb3500000)
  eden space 63488K, 100% used [0x9df80000,0xa1d80000,0xa1d80000)
  from space 2560K, 99% used [0xa2000000,0xa227c700,0xa2280000)
  to   space 2560K, 0% used [0xa1d80000,0xa1d80000,0xa2000000)
 ParOldGen       total 41984K, used 12799K [0x73500000, 0x75e00000, 0x9df80000)
  object space 41984K, 30% used [0x73500000,0x7417fce0,0x75e00000)
 PSPermGen       total 16384K, used 3908K [0x6f500000, 0x70500000, 0x73500000)
  object space 16384K, 23% used [0x6f500000,0x6f8d1258,0x70500000)

Deoptimization events (10 events):
Event: 2.689 Thread 0xb6607800 Uncommon trap: reason=class_check action=maybe_recompile pc=0xb362ab64 method=com.android.dx.ssa.NormalSsaInsn.accept(Lcom/android/dx/ssa/SsaInsn$Visitor;)V @ 9
Event: 2.820 Thread 0x6a934400 Uncommon trap: reason=class_check action=maybe_recompile pc=0xb362ab64 method=com.android.dx.ssa.NormalSsaInsn.accept(Lcom/android/dx/ssa/SsaInsn$Visitor;)V @ 9
Event: 2.872 Thread 0x6a933400 Uncommon trap: reason=class_check action=maybe_recompile pc=0xb362ab64 method=com.android.dx.ssa.NormalSsaInsn.accept(Lcom/android/dx/ssa/SsaInsn$Visitor;)V @ 9
Event: 5.190 Thread 0x6a932000 Uncommon trap: reason=null_check action=make_not_entrant pc=0xb3662b70 method=com.android.dx.ssa.SsaRenamer.getLocalForNewReg(I)Lcom/android/dx/rop/code/LocalItem; @ 19
Event: 5.591 Thread 0xb6607800 Uncommon trap: reason=unreached action=reinterpret pc=0xb362ea14 method=com.android.dx.rop.cst.Constant.compareTo(Lcom/android/dx/rop/cst/Constant;)I @ 12
Event: 6.779 Thread 0x6a924800 Uncommon trap: reason=unreached action=reinterpret pc=0xb3675950 method=com.android.dx.ssa.LocalVariableExtractor.processBlock(I)V @ 251
Event: 6.811 Thread 0xb6607800 Uncommon trap: reason=null_check action=make_not_entrant pc=0xb367e258 method=com.android.dx.rop.type.Type.putIntern(Lcom/android/dx/rop/type/Type;)Lcom/android/dx/rop/type/Type; @ 18
Event: 9.788 Thread 0x6a932000 Uncommon trap: reason=unreached action=reinterpret pc=0xb362abfc method=com.android.dx.ssa.SsaMethod.updateOneDefinition(Lcom/android/dx/ssa/SsaInsn;Lcom/android/dx/rop/code/RegisterSpec;)V @ 4
Event: 17.046 Thread 0x6a924800 Uncommon trap: reason=bimorphic action=maybe_recompile pc=0xb3721ad8 method=com.android.dx.ssa.LiteralOpUpgrader.tryReplacingWithConstant(Lcom/android/dx/ssa/NormalSsaInsn;)Z @ 62
Event: 17.112 Thread 0x6a932000 Uncommon trap: reason=class_check action=maybe_recompile pc=0xb36cd534 method=com.android.dx.ssa.SCCP.replaceConstants()V @ 182

Internal exceptions (10 events):
Event: 1.738 Thread 0xb6607800 Threw 0x9eceae00 at /HUDSON/workspace/7u-2-build-linux-i586/jdk7u45/229/hotspot/src/share/vm/prims/jvm.cpp:1244
Event: 1.760 Thread 0xb6607800 Threw 0x9ecf08d0 at /HUDSON/workspace/7u-2-build-linux-i586/jdk7u45/229/hotspot/src/share/vm/prims/jvm.cpp:1244
Event: 2.148 Thread 0x6a924800 Threw 0x9e0ffcf8 at /HUDSON/workspace/7u-2-build-linux-i586/jdk7u45/229/hotspot/src/share/vm/prims/jvm.cpp:1244
Event: 2.533 Thread 0x6a933400 Threw 0x9e45d7b0 at /HUDSON/workspace/7u-2-build-linux-i586/jdk7u45/229/hotspot/src/share/vm/prims/jvm.cpp:1244
Event: 2.679 Thread 0x6a932000 Threw 0x9e5c1758 at /HUDSON/workspace/7u-2-build-linux-i586/jdk7u45/229/hotspot/src/share/vm/prims/jvm.cpp:1244
Event: 4.426 Thread 0xb6607800 Threw 0x9e694200 at /HUDSON/workspace/7u-2-build-linux-i586/jdk7u45/229/hotspot/src/share/vm/prims/jvm.cpp:1244
Event: 5.190 Thread 0x6a932000 Implicit null exception at 0xb3662135 to 0xb3662b61
Event: 6.811 Thread 0xb6607800 Implicit null exception at 0xb367dc7a to 0xb367e249
Event: 7.759 Thread 0x6a932000 Threw 0x9edfc880 at /HUDSON/workspace/7u-2-build-linux-i586/jdk7u45/229/hotspot/src/share/vm/prims/jvm.cpp:1244
Event: 9.786 Thread 0x6a932000 Threw 0x9fc01490 at /HUDSON/workspace/7u-2-build-linux-i586/jdk7u45/229/hotspot/src/share/vm/prims/jvm.cpp:1244

Events (10 events):
Event: 13.502 Thread 0x6b786000 flushing nmethod 0xb362e8c8
Event: 14.998 Thread 0x6b788000 flushing nmethod 0xb3674148
Event: 14.998 Thread 0x6b788000 flushing nmethod 0xb367d608
Event: 17.046 Thread 0x6a924800 Uncommon trap: trap_request=0xffffffc6 fr.pc=0xb3721ad8
Event: 17.046 Thread 0x6a924800 DEOPT PACKING pc=0xb3721ad8 sp=0x6e37d950
Event: 17.046 Thread 0x6a924800 DEOPT UNPACKING pc=0xb35fbbbc sp=0x6e37d8d4 mode 2
Event: 17.112 Thread 0x6a932000 Uncommon trap: trap_request=0xffffffde fr.pc=0xb36cd534
Event: 17.112 Thread 0x6a932000 DEOPT PACKING pc=0xb36cd534 sp=0x6b17d900
Event: 17.112 Thread 0x6a932000 DEOPT UNPACKING pc=0xb35fbbbc sp=0x6b17d8b8 mode 2
Event: 17.159 Executing VM operation: ParallelGCFailedAllocation


Dynamic libraries:
08048000-08049000 r-xp 00000000 08:03 6841455    /usr/lib/jvm/java-7-oracle/bin/java
08049000-0804a000 rw-p 00000000 08:03 6841455    /usr/lib/jvm/java-7-oracle/bin/java
083fa000-0849a000 rw-p 00000000 00:00 0          [heap]
69300000-693ea000 rw-p 00000000 00:00 0 
693ea000-69400000 ---p 00000000 00:00 0 
69400000-694ed000 rw-p 00000000 00:00 0 
694ed000-69500000 ---p 00000000 00:00 0 
69500000-695fe000 rw-p 00000000 00:00 0 
695fe000-69600000 ---p 00000000 00:00 0 
69700000-697fb000 rw-p 00000000 00:00 0 
697fb000-69800000 ---p 00000000 00:00 0 
69900000-699e1000 rw-p 00000000 00:00 0 
699e1000-69a00000 ---p 00000000 00:00 0 
69a00000-69aff000 rw-p 00000000 00:00 0 
69aff000-69b00000 ---p 00000000 00:00 0 
69b00000-69bf9000 rw-p 00000000 00:00 0 
69bf9000-69c00000 ---p 00000000 00:00 0 
69c00000-69cf8000 rw-p 00000000 00:00 0 
69cf8000-69d00000 ---p 00000000 00:00 0 
69d00000-69da8000 rw-p 00000000 00:00 0 
69da8000-69e00000 ---p 00000000 00:00 0 
69e00000-69efb000 rw-p 00000000 00:00 0 
69efb000-69f00000 ---p 00000000 00:00 0 
69f00000-6a000000 rw-p 00000000 00:00 0 
6a100000-6a1ec000 rw-p 00000000 00:00 0 
6a1ec000-6a200000 ---p 00000000 00:00 0 
6a200000-6a2fd000 rw-p 00000000 00:00 0 
6a2fd000-6a300000 ---p 00000000 00:00 0 
6a300000-6a400000 rw-p 00000000 00:00 0 
6a500000-6a5fe000 rw-p 00000000 00:00 0 
6a5fe000-6a600000 ---p 00000000 00:00 0 
6a700000-6a7f7000 rw-p 00000000 00:00 0 
6a7f7000-6a800000 ---p 00000000 00:00 0 
6a900000-6a952000 rw-p 00000000 00:00 0 
6a952000-6aa00000 ---p 00000000 00:00 0 
6aa00000-6aafd000 rw-p 00000000 00:00 0 
6aafd000-6ab00000 ---p 00000000 00:00 0 
6ab00000-6ac00000 rw-p 00000000 00:00 0 
6ac2e000-6ac31000 ---p 00000000 00:00 0 
6ac31000-6ac7f000 rw-p 00000000 00:00 0          [stack:2711]
6ac7f000-6ac80000 ---p 00000000 00:00 0 
6ac80000-6ad00000 rw-p 00000000 00:00 0          [stack:2675]
6ad00000-6adf8000 rw-p 00000000 00:00 0 
6adf8000-6ae00000 ---p 00000000 00:00 0 
6ae2e000-6ae31000 ---p 00000000 00:00 0 
6ae31000-6ae7f000 rw-p 00000000 00:00 0          [stack:2710]
6ae7f000-6ae82000 ---p 00000000 00:00 0 
6ae82000-6af00000 rw-p 00000000 00:00 0          [stack:2651]
6af00000-6b000000 rw-p 00000000 00:00 0 
6b000000-6b021000 rw-p 00000000 00:00 0 
6b021000-6b100000 ---p 00000000 00:00 0 
6b12e000-6b131000 ---p 00000000 00:00 0 
6b131000-6b17f000 rw-p 00000000 00:00 0          [stack:2709]
6b17f000-6b182000 ---p 00000000 00:00 0 
6b182000-6b200000 rw-p 00000000 00:00 0          [stack:2646]
6b200000-6b400000 r--p 00000000 08:03 6429710    /usr/lib/locale/locale-archive
6b400000-6b421000 rw-p 00000000 00:00 0 
6b421000-6b500000 ---p 00000000 00:00 0 
6b500000-6b521000 rw-p 00000000 00:00 0 
6b521000-6b600000 ---p 00000000 00:00 0 
6b600000-6b621000 rw-p 00000000 00:00 0 
6b621000-6b700000 ---p 00000000 00:00 0 
6b700000-6b800000 rw-p 00000000 00:00 0 
6b82e000-6b831000 ---p 00000000 00:00 0 
6b831000-6b87f000 rw-p 00000000 00:00 0          [stack:2705]
6b87f000-6b880000 ---p 00000000 00:00 0 
6b880000-6b900000 rw-p 00000000 00:00 0          [stack:2595]
6b900000-6b9f9000 rw-p 00000000 00:00 0 
6b9f9000-6ba00000 ---p 00000000 00:00 0 
6ba04000-6bbc0000 r--s 039b2000 08:03 7746462    /usr/lib/jvm/java-7-oracle/jre/lib/rt.jar
6bbc0000-6e200000 rw-p 00000000 00:00 0 
6e200000-6e221000 rw-p 00000000 00:00 0 
6e221000-6e300000 ---p 00000000 00:00 0 
6e32e000-6e331000 ---p 00000000 00:00 0 
6e331000-6e37f000 rw-p 00000000 00:00 0          [stack:2698]
6e37f000-6e380000 ---p 00000000 00:00 0 
6e380000-6e400000 rw-p 00000000 00:00 0          [stack:2561]
6e400000-6e421000 rw-p 00000000 00:00 0 
6e421000-6e500000 ---p 00000000 00:00 0 
6e52e000-6e531000 ---p 00000000 00:00 0 
6e531000-6e57f000 rw-p 00000000 00:00 0          [stack:2665]
6e57f000-6e580000 ---p 00000000 00:00 0 
6e580000-6e600000 rw-p 00000000 00:00 0          [stack:2559]
6e600000-6e621000 rw-p 00000000 00:00 0 
6e621000-6e700000 ---p 00000000 00:00 0 
6e72e000-6e731000 ---p 00000000 00:00 0 
6e731000-6e77f000 rw-p 00000000 00:00 0          [stack:2632]
6e77f000-6e780000 ---p 00000000 00:00 0 
6e780000-6e800000 rw-p 00000000 00:00 0          [stack:2553]
6e800000-6e821000 rw-p 00000000 00:00 0 
6e821000-6e900000 ---p 00000000 00:00 0 
6e92e000-6e931000 ---p 00000000 00:00 0 
6e931000-6e97f000 rw-p 00000000 00:00 0          [stack:2603]
6e97f000-6e980000 ---p 00000000 00:00 0 
6e980000-6ea00000 rw-p 00000000 00:00 0          [stack:2549]
6ea00000-6ea21000 rw-p 00000000 00:00 0 
6ea21000-6eb00000 ---p 00000000 00:00 0 
6eb18000-6eb2d000 r-xp 00000000 08:03 7746439    /usr/lib/jvm/java-7-oracle/jre/lib/i386/libnet.so
6eb2d000-6eb2e000 rw-p 00014000 08:03 7746439    /usr/lib/jvm/java-7-oracle/jre/lib/i386/libnet.so
6eb2e000-6eb31000 ---p 00000000 00:00 0 
6eb31000-6eb7f000 rw-p 00000000 00:00 0          [stack:2601]
6eb7f000-6eb80000 ---p 00000000 00:00 0 
6eb80000-6ec00000 rw-p 00000000 00:00 0          [stack:2543]
6ec00000-6ec21000 rw-p 00000000 00:00 0 
6ec21000-6ed00000 ---p 00000000 00:00 0 
6ed00000-6ed21000 rw-p 00000000 00:00 0 
6ed21000-6ee00000 ---p 00000000 00:00 0 
6ee15000-6ee23000 r-xp 00000000 08:03 7746431    /usr/lib/jvm/java-7-oracle/jre/lib/i386/libnio.so
6ee23000-6ee24000 rw-p 0000e000 08:03 7746431    /usr/lib/jvm/java-7-oracle/jre/lib/i386/libnio.so
6ee24000-6ee7f000 rw-p 00000000 00:00 0 
6ee7f000-6ee80000 ---p 00000000 00:00 0 
6ee80000-6ef00000 rw-p 00000000 00:00 0          [stack:2540]
6ef00000-6ef21000 rw-p 00000000 00:00 0 
6ef21000-6f000000 ---p 00000000 00:00 0 
6f002000-6f067000 rw-p 00000000 00:00 0 
6f067000-6f068000 ---p 00000000 00:00 0 
6f068000-6f0e8000 rw-p 00000000 00:00 0          [stack:2537]
6f0e8000-6f0e9000 ---p 00000000 00:00 0 
6f0e9000-6f171000 rw-p 00000000 00:00 0          [stack:2534]
6f171000-6f189000 rw-p 00000000 00:00 0 
6f189000-6f19e000 rw-p 00000000 00:00 0 
6f19e000-6f2df000 rw-p 00000000 00:00 0 
6f2df000-6f2e7000 rw-p 00000000 00:00 0 
6f2e7000-6f2ff000 rw-p 00000000 00:00 0 
6f2ff000-6f314000 rw-p 00000000 00:00 0 
6f314000-6f454000 rw-p 00000000 00:00 0 
6f454000-6f476000 rw-p 00000000 00:00 0 
6f476000-6f4ff000 rw-p 00000000 00:00 0 
6f4ff000-70500000 rw-p 00000000 00:00 0 
70500000-73500000 rw-p 00000000 00:00 0 
73500000-75e00000 rw-p 00000000 00:00 0 
75e00000-9df80000 rw-p 00000000 00:00 0 
9df80000-a2280000 rw-p 00000000 00:00 0 
a73e7000-a7600000 rw-p 00000000 00:00 0 
a7600000-b3500000 rw-p 00000000 00:00 0 
b3506000-b350f000 r--s 00089000 08:03 1060084    /home/mwana-a-mbuvi/AndroidProjects/SchoolProgram/app/build/intermediates/exploded-aar/com.android.support/appcompat-v7/23.1.1/jars/classes.jar
b350f000-b3518000 rw-p 00000000 00:00 0 
b3518000-b35cf000 rw-p 00000000 00:00 0 
b35cf000-b380f000 rwxp 00000000 00:00 0 
b380f000-b65cf000 rw-p 00000000 00:00 0 
b65cf000-b65e6000 r-xp 00000000 08:03 7746395    /usr/lib/jvm/java-7-oracle/jre/lib/i386/libzip.so
b65e6000-b65e7000 rw-p 00017000 08:03 7746395    /usr/lib/jvm/java-7-oracle/jre/lib/i386/libzip.so
b65e7000-b65f2000 r-xp 00000000 08:03 4984838    /lib/i386-linux-gnu/libnss_files-2.15.so
b65f2000-b65f3000 r--p 0000a000 08:03 4984838    /lib/i386-linux-gnu/libnss_files-2.15.so
b65f3000-b65f4000 rw-p 0000b000 08:03 4984838    /lib/i386-linux-gnu/libnss_files-2.15.so
b65f4000-b65fe000 r-xp 00000000 08:03 4984842    /lib/i386-linux-gnu/libnss_nis-2.15.so
b65fe000-b65ff000 r--p 00009000 08:03 4984842    /lib/i386-linux-gnu/libnss_nis-2.15.so
b65ff000-b6600000 rw-p 0000a000 08:03 4984842    /lib/i386-linux-gnu/libnss_nis-2.15.so
b6600000-b66f3000 rw-p 00000000 00:00 0 
b66f3000-b6700000 ---p 00000000 00:00 0 
b6704000-b671a000 r-xp 00000000 08:03 4985159    /lib/i386-linux-gnu/libnsl-2.15.so
b671a000-b671b000 r--p 00015000 08:03 4985159    /lib/i386-linux-gnu/libnsl-2.15.so
b671b000-b671c000 rw-p 00016000 08:03 4985159    /lib/i386-linux-gnu/libnsl-2.15.so
b671c000-b671e000 rw-p 00000000 00:00 0 
b6723000-b6732000 r--s 000df000 08:03 1049017    /home/mwana-a-mbuvi/Android/Sdk/build-tools/23.0.2/lib/dx.jar
b6732000-b673a000 rw-s 00000000 08:03 2107127    /tmp/hsperfdata_mwana-a-mbuvi/2508
b673a000-b675d000 r-xp 00000000 08:03 7746417    /usr/lib/jvm/java-7-oracle/jre/lib/i386/libjava.so
b675d000-b675e000 rw-p 00022000 08:03 7746417    /usr/lib/jvm/java-7-oracle/jre/lib/i386/libjava.so
b675e000-b6765000 r-xp 00000000 08:03 4984841    /lib/i386-linux-gnu/librt-2.15.so
b6765000-b6766000 r--p 00006000 08:03 4984841    /lib/i386-linux-gnu/librt-2.15.so
b6766000-b6767000 rw-p 00007000 08:03 4984841    /lib/i386-linux-gnu/librt-2.15.so
b6767000-b676a000 ---p 00000000 00:00 0 
b676a000-b67b8000 rw-p 00000000 00:00 0          [stack:2524]
b67b8000-b67e2000 r-xp 00000000 08:03 4985146    /lib/i386-linux-gnu/libm-2.15.so
b67e2000-b67e3000 r--p 00029000 08:03 4985146    /lib/i386-linux-gnu/libm-2.15.so
b67e3000-b67e4000 rw-p 0002a000 08:03 4985146    /lib/i386-linux-gnu/libm-2.15.so
b67e4000-b705b000 r-xp 00000000 08:03 7880955    /usr/lib/jvm/java-7-oracle/jre/lib/i386/server/libjvm.so
b705b000-b70c0000 rw-p 00876000 08:03 7880955    /usr/lib/jvm/java-7-oracle/jre/lib/i386/server/libjvm.so
b70c0000-b74e3000 rw-p 00000000 00:00 0 
b74e3000-b7686000 r-xp 00000000 08:03 4984834    /lib/i386-linux-gnu/libc-2.15.so
b7686000-b7688000 r--p 001a3000 08:03 4984834    /lib/i386-linux-gnu/libc-2.15.so
b7688000-b7689000 rw-p 001a5000 08:03 4984834    /lib/i386-linux-gnu/libc-2.15.so
b7689000-b768c000 rw-p 00000000 00:00 0 
b768c000-b768f000 r-xp 00000000 08:03 4985150    /lib/i386-linux-gnu/libdl-2.15.so
b768f000-b7690000 r--p 00002000 08:03 4985150    /lib/i386-linux-gnu/libdl-2.15.so
b7690000-b7691000 rw-p 00003000 08:03 4985150    /lib/i386-linux-gnu/libdl-2.15.so
b7691000-b7692000 rw-p 00000000 00:00 0 
b7692000-b76a5000 r-xp 00000000 08:03 6959455    /usr/lib/jvm/java-7-oracle/lib/i386/jli/libjli.so
b76a5000-b76a6000 rw-p 00012000 08:03 6959455    /usr/lib/jvm/java-7-oracle/lib/i386/jli/libjli.so
b76a6000-b76bd000 r-xp 00000000 08:03 4984843    /lib/i386-linux-gnu/libpthread-2.15.so
b76bd000-b76be000 r--p 00016000 08:03 4984843    /lib/i386-linux-gnu/libpthread-2.15.so
b76be000-b76bf000 rw-p 00017000 08:03 4984843    /lib/i386-linux-gnu/libpthread-2.15.so
b76bf000-b76c1000 rw-p 00000000 00:00 0 
b76c4000-b76c5000 rw-p 00000000 00:00 0 
b76c5000-b76c6000 r--p 005e0000 08:03 6429710    /usr/lib/locale/locale-archive
b76c6000-b76cd000 r-xp 00000000 08:03 4984836    /lib/i386-linux-gnu/libnss_compat-2.15.so
b76cd000-b76ce000 r--p 00006000 08:03 4984836    /lib/i386-linux-gnu/libnss_compat-2.15.so
b76ce000-b76cf000 rw-p 00007000 08:03 4984836    /lib/i386-linux-gnu/libnss_compat-2.15.so
b76cf000-b76d0000 rw-p 00000000 00:00 0 
b76d0000-b76d1000 ---p 00000000 00:00 0 
b76d1000-b76dc000 r-xp 00000000 08:03 7746428    /usr/lib/jvm/java-7-oracle/jre/lib/i386/libverify.so
b76dc000-b76dd000 rw-p 0000b000 08:03 7746428    /usr/lib/jvm/java-7-oracle/jre/lib/i386/libverify.so
b76dd000-b76df000 rw-p 00000000 00:00 0 
b76df000-b76e0000 r-xp 00000000 00:00 0          [vdso]
b76e0000-b7700000 r-xp 00000000 08:03 4985147    /lib/i386-linux-gnu/ld-2.15.so
b7700000-b7701000 r--p 0001f000 08:03 4985147    /lib/i386-linux-gnu/ld-2.15.so
b7701000-b7702000 rw-p 00020000 08:03 4985147    /lib/i386-linux-gnu/ld-2.15.so
bfee7000-bff08000 rw-p 00000000 00:00 0          [stack]

VM Arguments:
jvm_args: -Djava.awt.headless=true -Xmx1024M -Dfile.encoding=UTF-8 -Duser.country=US -Duser.language=en -Duser.variant 
java_command: com.android.dx.command.Main --dex --num-threads=4 --output /home/mwana-a-mbuvi/AndroidProjects/SchoolProgram/app/build/intermediates/pre-dexed/debug/com.android.support-appcompat-v7-23.1.1_576e9ca8864ab6ab08af3de8a1abd10e7dbef215.jar /home/mwana-a-mbuvi/AndroidProjects/SchoolProgram/app/build/intermediates/exploded-aar/com.android.support/appcompat-v7/23.1.1/jars/classes.jar
Launcher Type: SUN_STANDARD

Environment Variables:
PATH=/usr/lib/lightdm/lightdm:/usr/local/sbin:/usr/local/bin:/usr/sbin:/usr/bin:/sbin:/bin:/usr/games
LD_LIBRARY_PATH=/home/mwana-a-mbuvi/android-studio/bin:
SHELL=/bin/bash
DISPLAY=:0.0

Signal Handlers:
SIGSEGV: [libjvm.so+0x7dd350], sa_mask[0]=0x7ffbfeff, sa_flags=0x10000004
SIGBUS: [libjvm.so+0x7dd350], sa_mask[0]=0x7ffbfeff, sa_flags=0x10000004
SIGFPE: [libjvm.so+0x678b60], sa_mask[0]=0x7ffbfeff, sa_flags=0x10000004
SIGPIPE: [libjvm.so+0x678b60], sa_mask[0]=0x7ffbfeff, sa_flags=0x10000004
SIGXFSZ: [libjvm.so+0x678b60], sa_mask[0]=0x7ffbfeff, sa_flags=0x10000004
SIGILL: [libjvm.so+0x678b60], sa_mask[0]=0x7ffbfeff, sa_flags=0x10000004
SIGUSR1: SIG_DFL, sa_mask[0]=0x00000000, sa_flags=0x00000000
SIGUSR2: [libjvm.so+0x67a050], sa_mask[0]=0x00000004, sa_flags=0x10000004
SIGHUP: [libjvm.so+0x67b1a0], sa_mask[0]=0x7ffbfeff, sa_flags=0x10000004
SIGINT: [libjvm.so+0x67b1a0], sa_mask[0]=0x7ffbfeff, sa_flags=0x10000004
SIGTERM: [libjvm.so+0x67b1a0], sa_mask[0]=0x7ffbfeff, sa_flags=0x10000004
SIGQUIT: [libjvm.so+0x67b1a0], sa_mask[0]=0x7ffbfeff, sa_flags=0x10000004


---------------  S Y S T E M  ---------------

OS:wheezy/sid

uname:Linux 3.9.4-030904-generic #201305241545 SMP Fri May 24 19:52:36 UTC 2013 i686
libc:glibc 2.15 NPTL 2.15 
rlimit: STACK 8192k, CORE 0k, NPROC 31310, NOFILE 4096, AS infinity
load average:13.21 4.57 2.16

/proc/meminfo:
MemTotal:        4023032 kB
MemFree:          364732 kB
Buffers:            1388 kB
Cached:           323776 kB
SwapCached:            0 kB
Active:          3249992 kB
Inactive:         295980 kB
Active(anon):    3224196 kB
Inactive(anon):   251908 kB
Active(file):      25796 kB
Inactive(file):    44072 kB
Unevictable:          64 kB
Mlocked:              64 kB
HighTotal:       3180292 kB
HighFree:         188812 kB
LowTotal:         842740 kB
LowFree:          175920 kB
SwapTotal:             0 kB
SwapFree:              0 kB
Dirty:             26524 kB
Writeback:             0 kB
AnonPages:       3221460 kB
Mapped:            74224 kB
Shmem:            254880 kB
Slab:              54164 kB
SReclaimable:      26104 kB
SUnreclaim:        28060 kB
KernelStack:        7352 kB
PageTables:        21908 kB
NFS_Unstable:          0 kB
Bounce:              264 kB
WritebackTmp:          0 kB
CommitLimit:     2011516 kB
Committed_AS:    8634324 kB
VmallocTotal:     122880 kB
VmallocUsed:       70216 kB
VmallocChunk:      46772 kB
HardwareCorrupted:     0 kB
AnonHugePages:         0 kB
HugePages_Total:       0
HugePages_Free:        0
HugePages_Rsvd:        0
HugePages_Surp:        0
Hugepagesize:       2048 kB
DirectMap4k:       12280 kB
DirectMap2M:      899072 kB


CPU:total 8 (4 cores per cpu, 2 threads per core) family 6 model 58 stepping 9, cmov, cx8, fxsr, mmx, sse, sse2, sse3, ssse3, sse4.1, sse4.2, popcnt, avx, aes, erms, ht, tsc, tscinvbit, tscinv

/proc/cpuinfo:
processor	: 0
vendor_id	: GenuineIntel
cpu family	: 6
model		: 58
model name	: Intel(R) Core(TM) i7-3610QM CPU @ 2.30GHz
stepping	: 9
microcode	: 0x10
cpu MHz		: 1500.000
cache size	: 6144 KB
physical id	: 0
siblings	: 8
core id		: 0
cpu cores	: 4
apicid		: 0
initial apicid	: 0
fdiv_bug	: no
f00f_bug	: no
coma_bug	: no
fpu		: yes
fpu_exception	: yes
cpuid level	: 13
wp		: yes
flags		: fpu vme de pse tsc msr pae mce cx8 apic sep mtrr pge mca cmov pat pse36 clflush dts acpi mmx fxsr sse sse2 ss ht tm pbe nx rdtscp lm constant_tsc arch_perfmon pebs bts xtopology nonstop_tsc aperfmperf eagerfpu pni pclmulqdq dtes64 monitor ds_cpl vmx est tm2 ssse3 cx16 xtpr pdcm pcid sse4_1 sse4_2 x2apic popcnt tsc_deadline_timer aes xsave avx f16c rdrand lahf_lm ida arat epb xsaveopt pln pts dtherm tpr_shadow vnmi flexpriority ept vpid fsgsbase smep erms
bogomips	: 4589.76
clflush size	: 64
cache_alignment	: 64
address sizes	: 36 bits physical, 48 bits virtual
power management:

processor	: 1
vendor_id	: GenuineIntel
cpu family	: 6
model		: 58
model name	: Intel(R) Core(TM) i7-3610QM CPU @ 2.30GHz
stepping	: 9
microcode	: 0x10
cpu MHz		: 1500.000
cache size	: 6144 KB
physical id	: 0
siblings	: 8
core id		: 0
cpu cores	: 4
apicid		: 1
initial apicid	: 1
fdiv_bug	: no
f00f_bug	: no
coma_bug	: no
fpu		: yes
fpu_exception	: yes
cpuid level	: 13
wp		: yes
flags		: fpu vme de pse tsc msr pae mce cx8 apic sep mtrr pge mca cmov pat pse36 clflush dts acpi mmx fxsr sse sse2 ss ht tm pbe nx rdtscp lm constant_tsc arch_perfmon pebs bts xtopology nonstop_tsc aperfmperf eagerfpu pni pclmulqdq dtes64 monitor ds_cpl vmx est tm2 ssse3 cx16 xtpr pdcm pcid sse4_1 sse4_2 x2apic popcnt tsc_deadline_timer aes xsave avx f16c rdrand lahf_lm ida arat epb xsaveopt pln pts dtherm tpr_shadow vnmi flexpriority ept vpid fsgsbase smep erms
bogomips	: 4589.76
clflush size	: 64
cache_alignment	: 64
address sizes	: 36 bits physical, 48 bits virtual
power management:

processor	: 2
vendor_id	: GenuineIntel
cpu family	: 6
model		: 58
model name	: Intel(R) Core(TM) i7-3610QM CPU @ 2.30GHz
stepping	: 9
microcode	: 0x10
cpu MHz		: 1500.000
cache size	: 6144 KB
physical id	: 0
siblings	: 8
core id		: 1
cpu cores	: 4
apicid		: 2
initial apicid	: 2
fdiv_bug	: no
f00f_bug	: no
coma_bug	: no
fpu		: yes
fpu_exception	: yes
cpuid level	: 13
wp		: yes
flags		: fpu vme de pse tsc msr pae mce cx8 apic sep mtrr pge mca cmov pat pse36 clflush dts acpi mmx fxsr sse sse2 ss ht tm pbe nx rdtscp lm constant_tsc arch_perfmon pebs bts xtopology nonstop_tsc aperfmperf eagerfpu pni pclmulqdq dtes64 monitor ds_cpl vmx est tm2 ssse3 cx16 xtpr pdcm pcid sse4_1 sse4_2 x2apic popcnt tsc_deadline_timer aes xsave avx f16c rdrand lahf_lm ida arat epb xsaveopt pln pts dtherm tpr_shadow vnmi flexpriority ept vpid fsgsbase smep erms
bogomips	: 4589.76
clflush size	: 64
cache_alignment	: 64
address sizes	: 36 bits physical, 48 bits virtual
power management:

processor	: 3
vendor_id	: GenuineIntel
cpu family	: 6
model		: 58
model name	: Intel(R) Core(TM) i7-3610QM CPU @ 2.30GHz
stepping	: 9
microcode	: 0x10
cpu MHz		: 1500.000
cache size	: 6144 KB
physical id	: 0
siblings	: 8
core id		: 1
cpu cores	: 4
apicid		: 3
initial apicid	: 3
fdiv_bug	: no
f00f_bug	: no
coma_bug	: no
fpu		: yes
fpu_exception	: yes
cpuid level	: 13
wp		: yes
flags		: fpu vme de pse tsc msr pae mce cx8 apic sep mtrr pge mca cmov pat pse36 clflush dts acpi mmx fxsr sse sse2 ss ht tm pbe nx rdtscp lm constant_tsc arch_perfmon pebs bts xtopology nonstop_tsc aperfmperf eagerfpu pni pclmulqdq dtes64 monitor ds_cpl vmx est tm2 ssse3 cx16 xtpr pdcm pcid sse4_1 sse4_2 x2apic popcnt tsc_deadline_timer aes xsave avx f16c rdrand lahf_lm ida arat epb xsaveopt pln pts dtherm tpr_shadow vnmi flexpriority ept vpid fsgsbase smep erms
bogomips	: 4589.76
clflush size	: 64
cache_alignment	: 64
address sizes	: 36 bits physical, 48 bits virtual
power management:

processor	: 4
vendor_id	: GenuineIntel
cpu family	: 6
model		: 58
model name	: Intel(R) Core(TM) i7-3610QM CPU @ 2.30GHz
stepping	: 9
microcode	: 0x10
cpu MHz		: 1500.000
cache size	: 6144 KB
physical id	: 0
siblings	: 8
core id		: 2
cpu cores	: 4
apicid		: 4
initial apicid	: 4
fdiv_bug	: no
f00f_bug	: no
coma_bug	: no
fpu		: yes
fpu_exception	: yes
cpuid level	: 13
wp		: yes
flags		: fpu vme de pse tsc msr pae mce cx8 apic sep mtrr pge mca cmov pat pse36 clflush dts acpi mmx fxsr sse sse2 ss ht tm pbe nx rdtscp lm constant_tsc arch_perfmon pebs bts xtopology nonstop_tsc aperfmperf eagerfpu pni pclmulqdq dtes64 monitor ds_cpl vmx est tm2 ssse3 cx16 xtpr pdcm pcid sse4_1 sse4_2 x2apic popcnt tsc_deadline_timer aes xsave avx f16c rdrand lahf_lm ida arat epb xsaveopt pln pts dtherm tpr_shadow vnmi flexpriority ept vpid fsgsbase smep erms
bogomips	: 4589.76
clflush size	: 64
cache_alignment	: 64
address sizes	: 36 bits physical, 48 bits virtual
power management:

processor	: 5
vendor_id	: GenuineIntel
cpu family	: 6
model		: 58
model name	: Intel(R) Core(TM) i7-3610QM CPU @ 2.30GHz
stepping	: 9
microcode	: 0x10
cpu MHz		: 1500.000
cache size	: 6144 KB
physical id	: 0
siblings	: 8
core id		: 2
cpu cores	: 4
apicid		: 5
initial apicid	: 5
fdiv_bug	: no
f00f_bug	: no
coma_bug	: no
fpu		: yes
fpu_exception	: yes
cpuid level	: 13
wp		: yes
flags		: fpu vme de pse tsc msr pae mce cx8 apic sep mtrr pge mca cmov pat pse36 clflush dts acpi mmx fxsr sse sse2 ss ht tm pbe nx rdtscp lm constant_tsc arch_perfmon pebs bts xtopology nonstop_tsc aperfmperf eagerfpu pni pclmulqdq dtes64 monitor ds_cpl vmx est tm2 ssse3 cx16 xtpr pdcm pcid sse4_1 sse4_2 x2apic popcnt tsc_deadline_timer aes xsave avx f16c rdrand lahf_lm ida arat epb xsaveopt pln pts dtherm tpr_shadow vnmi flexpriority ept vpid fsgsbase smep erms
bogomips	: 4589.76
clflush size	: 64
cache_alignment	: 64
address sizes	: 36 bits physical, 48 bits virtual
power management:

processor	: 6
vendor_id	: GenuineIntel
cpu family	: 6
model		: 58
model name	: Intel(R) Core(TM) i7-3610QM CPU @ 2.30GHz
stepping	: 9
microcode	: 0x10
cpu MHz		: 1200.000
cache size	: 6144 KB
physical id	: 0
siblings	: 8
core id		: 3
cpu cores	: 4
apicid		: 6
initial apicid	: 6
fdiv_bug	: no
f00f_bug	: no
coma_bug	: no
fpu		: yes
fpu_exception	: yes
cpuid level	: 13
wp		: yes
flags		: fpu vme de pse tsc msr pae mce cx8 apic sep mtrr pge mca cmov pat pse36 clflush dts acpi mmx fxsr sse sse2 ss ht tm pbe nx rdtscp lm constant_tsc arch_perfmon pebs bts xtopology nonstop_tsc aperfmperf eagerfpu pni pclmulqdq dtes64 monitor ds_cpl vmx est tm2 ssse3 cx16 xtpr pdcm pcid sse4_1 sse4_2 x2apic popcnt tsc_deadline_timer aes xsave avx f16c rdrand lahf_lm ida arat epb xsaveopt pln pts dtherm tpr_shadow vnmi flexpriority ept vpid fsgsbase smep erms
bogomips	: 4589.76
clflush size	: 64
cache_alignment	: 64
address sizes	: 36 bits physical, 48 bits virtual
power management:

processor	: 7
vendor_id	: GenuineIntel
cpu family	: 6
model		: 58
model name	: Intel(R) Core(TM) i7-3610QM CPU @ 2.30GHz
stepping	: 9
microcode	: 0x10
cpu MHz		: 1500.000
cache size	: 6144 KB
physical id	: 0
siblings	: 8
core id		: 3
cpu cores	: 4
apicid		: 7
initial apicid	: 7
fdiv_bug	: no
f00f_bug	: no
coma_bug	: no
fpu		: yes
fpu_exception	: yes
cpuid level	: 13
wp		: yes
flags		: fpu vme de pse tsc msr pae mce cx8 apic sep mtrr pge mca cmov pat pse36 clflush dts acpi mmx fxsr sse sse2 ss ht tm pbe nx rdtscp lm constant_tsc arch_perfmon pebs bts xtopology nonstop_tsc aperfmperf eagerfpu pni pclmulqdq dtes64 monitor ds_cpl vmx est tm2 ssse3 cx16 xtpr pdcm pcid sse4_1 sse4_2 x2apic popcnt tsc_deadline_timer aes xsave avx f16c rdrand lahf_lm ida arat epb xsaveopt pln pts dtherm tpr_shadow vnmi flexpriority ept vpid fsgsbase smep erms
bogomips	: 4589.76
clflush size	: 64
cache_alignment	: 64
address sizes	: 36 bits physical, 48 bits virtual
power management:



Memory: 4k page, physical 4023032k(364732k free), swap 0k(0k free)

vm_info: Java HotSpot(TM) Server VM (24.45-b08) for linux-x86 JRE (1.7.0_45-b18), built on Oct  8 2013 05:44:51 by "java_re" with gcc 4.3.0 20080428 (Red Hat 4.3.0-8)

time: Thu Jan 21 12:45:41 2016
elapsed time: 28 seconds

